2019-04-05 17:09:02,801: initializing TEXT job report
2019-04-05 17:09:02,825: Using selector: EpollSelector
2019-04-05 17:09:02,826: ZMQ interface configured (address tcp://*:5555) @ tcp://0.0.0.0:5555
2019-04-05 17:09:02,826: executor base working directory set to /home_nfs_robin_ib/bmonniern/VECMA/build_PilotJobManager_gnu_8.2.0/QCG-PilotJob-master/workspace
2019-04-05 17:09:02,826: execution schema auto
2019-04-05 17:09:02,826: determining execution schema ...
2019-04-05 17:09:02,826: selected slurm execution schema ...
2019-04-05 17:09:02,826: job' environment contains {<class 'qcg.appscheduler.environment.CommonEnvironment'>, <class 'qcg.appscheduler.environment.SlurmEnvironment'>} elements
2019-04-05 17:09:02,826: initializing COMMON environment
2019-04-05 17:09:02,826: initializing SLURM environment
2019-04-05 17:09:02,826: defined ifaces [<qcg.appscheduler.fileinterface.FileInterface object at 0x7f317bca4be0>, <qcg.appscheduler.zmqinterface.ZMQInterface object at 0x7f317b32ecc0>]
2019-04-05 17:09:03,096: genji253 x 64
2019-04-05 17:09:03,096: generated 1 nodes
2019-04-05 17:09:03,097: available resources: 64 (0 used) cores on 1 nodes
genji253 64 (0 used)
2019-04-05 17:09:03,097: Starting listener on interface FileInterface
2019-04-05 17:09:03,097: Starting listener on interface ZMQInterface
2019-04-05 17:09:03,097: Successfully initialized 2 interfaces
2019-04-05 17:09:03,098: Listener on interface FileInterface started
2019-04-05 17:09:03,098: Interface FileInterface received request: {'request': 'submit', 'jobs': [{'name': '__api_client_${it}', 'execution': {'exec': 'bash', 'args': ['bash_mandelbrot.sh', '${it}'], 'stdout': '__api_client.stdout', 'stderr': '__api_client.stderr'}, 'resources': {'numCores': {'min': 16, 'max': 18}}}]}
2019-04-05 17:09:03,098: Validating request
2019-04-05 17:09:03,098: Parsing request
2019-04-05 17:09:03,098: request data contains 1 jobs
2019-04-05 17:09:03,098: request job params: start(0), end(1), haveIters(False)
2019-04-05 17:09:03,099: replacing jname variable with __api_client_${it}
2019-04-05 17:09:03,099: appending 1 jobs to request job list
2019-04-05 17:09:03,099: Request successfully parsed
2019-04-05 17:09:03,099: Validated request with result: ResponseStatus.SUCCESS
2019-04-05 17:09:03,099: validate result: result(ResponseStatus.SUCCESS), errorMessage(Ok), request(<qcg.appscheduler.request.SubmitReq object at 0x7f317b32e518>)
2019-04-05 17:09:03,099: validate error ? False
2019-04-05 17:09:03,099: Handling submit request from FileInterface iface
2019-04-05 17:09:03,099: scheduling loop with 1 jobs in queue
2019-04-05 17:09:03,099: updating dependencies of job __api_client_${it} ...
2019-04-05 17:09:03,100: job __api_client_${it} is ready
2019-04-05 17:09:03,100: found resources for job __api_client_${it}
2019-04-05 17:09:03,100: notifies callbacks about __api_client_${it} job status change JobState.EXECUTING
2019-04-05 17:09:03,100: executing job __api_client_${it}
2019-04-05 17:09:03,101: launching job __api_client_${it}
2019-04-05 17:09:03,101: preparing job __api_client_${it} sanbox at /home_nfs_robin_ib/bmonniern/VECMA/build_PilotJobManager_gnu_8.2.0/QCG-PilotJob-master/workspace
2019-04-05 17:09:03,101: updating job's environment from [<qcg.appscheduler.environment.CommonEnvironment object at 0x7f317b33b438>, <qcg.appscheduler.environment.SlurmEnvironment object at 0x7f317b33b4e0>] objects
2019-04-05 17:09:03,101: updating common environment
2019-04-05 17:09:03,102: environment after update: {'MKLROOT': '/opt/intel/compilers_and_libraries_2019.1.144/linux/mkl', 'SLURM_CHECKPOINT_IMAGE_DIR': '/var/slurm/checkpoint', 'SLURM_NODELIST': 'genji253', 'MANPATH': '/opt/intel/man/common:/opt/intel/compilers_and_libraries_2019.1.144/linux/mpi/man:/opt/intel/documentation_2019/en/debugger/gdb-ia/man/:/home_nfs_robin_ib/xraffine/utils/gcc-6.4.0-full+isl_hsw/share/man:/home_nfs_robin_ib/bmonniern/VECMA/install_PilotJobManager_gnu_8.2.0/share/man:/usr/local/share/man:/usr/share/man:/opt/ibutils/share/man:/opt/ddn/ime/share/man:/home_nfs_robin_ib/bmonniern/.local/share/man:', 'SLURM_JOB_NAME': 'VECMA', 'XDG_SESSION_ID': '9052', 'OPTION_OPTIM': '-O3', 'SLURMD_NODENAME': 'genji253', 'SLURM_TOPOLOGY_ADDR': 'ibsw[15-20].ibsw[1,21].genji253', 'HOSTNAME': 'genji253', 'SLURM_PRIO_PROCESS': '0', 'INTEL_LICENSE_FILE': '/opt/intel/compilers_and_libraries_2019.1.144/linux/licenses:/opt/intel/licenses:/home_nfs_robin_ib/bmonniern/intel/licenses', 'IPPROOT': '/opt/intel/compilers_and_libraries_2019.1.144/linux/ipp', 'SLURM_NODE_ALIASES': '(null)', 'PYTHON_EXECUTABLE': '/home_nfs_robin_ib/bmonniern/VECMA/install_PilotJobManager_gnu_8.2.0/bin/python3', 'MPICC': 'mpigcc', 'SHELL': '/bin/bash', 'TERM': 'xterm', 'SLURM_JOB_QOS': 'normal', 'HISTSIZE': '1000', 'TMPDIR': '/tmp', 'SLURM_TOPOLOGY_ADDR_PATTERN': 'switch.switch.node', 'SSH_CLIENT': '10.197.222.28 51038 22', 'LOCAL_PATH': '/home_nfs_robin_ib/bmonniern/.local', 'LIBRARY_PATH': '/opt/intel/compilers_and_libraries_2019.1.144/linux/mpi/intel64/libfabric/lib:/opt/intel/compilers_and_libraries_2019.1.144/linux/ipp/lib/intel64:/opt/intel/compilers_and_libraries_2019.1.144/linux/compiler/lib/intel64_lin:/opt/intel/compilers_and_libraries_2019.1.144/linux/mkl/lib/intel64_lin:/opt/intel/compilers_and_libraries_2019.1.144/linux/tbb/lib/intel64/gcc4.7:/opt/intel/compilers_and_libraries_2019.1.144/linux/tbb/lib/intel64/gcc4.7:/opt/intel/compilers_and_libraries_2019.1.144/linux/daal/lib/intel64_lin:/opt/intel/compilers_and_libraries_2019.1.144/linux/daal/../tbb/lib/intel64_lin/gcc4.4::/home_nfs_robin_ib/bmonniern/VECMA/install_PilotJobManager_gnu_8.2.0/lib:/home_nfs_robin_ib/bmonniern/VECMA/install_PilotJobManager_gnu_8.2.0/lib', 'FPATH': '/home_nfs_robin_ib/bmonniern/VECMA/install_PilotJobManager_gnu_8.2.0/include/python3.6m:/home_nfs_robin_ib/bmonniern/VECMA/install_PilotJobManager_gnu_8.2.0/include/python3.6m::/home_nfs_robin_ib/bmonniern/VECMA/install_PilotJobManager_gnu_8.2.0/include', 'R1_OLD_LD_LIBRARY_PATH_GCC640': '/home_nfs_robin_ib/bmonniern/VECMA/install_PilotJobManager_gnu_8.2.0/lib:/home_nfs_robin_ib/bmonniern/VECMA/install_PilotJobManager_gnu_8.2.0/lib:/software/compilers/gcc/gcc-8.2.0-full+isl+binutils/lib64', 'OLDPWD': '/home_nfs_robin_ib/bmonniern/VECMA/build_PilotJobManager_gnu_8.2.0/QCG-PilotJob-master/workspace', 'R1_OLD_PATH_GCC640': '/home_nfs_robin_ib/bmonniern/VECMA/install_PilotJobManager_gnu_8.2.0/bin:/home_nfs_robin_ib/bmonniern/VECMA/install_PilotJobManager_gnu_8.2.0/bin:/software/compilers/gcc/gcc-8.2.0-full+isl+binutils/bin:/home_nfs_robin_ib/bmonniern/bin:/usr/local/bin:/usr/bin:/usr/local/sbin:/usr/sbin:/opt/ibutils/bin:/opt/ddn/ime/bin:/home_nfs_robin_ib/bmonniern/.local/bin:/home_nfs_robin_ib/bmonniern/bin', 'SSH_TTY': '/dev/pts/135', 'QT_GRAPHICSSYSTEM_CHECKED': '1', 'SLURM_NNODES': '1', 'USER': 'bmonniern', 'LS_COLORS': 'rs=0:di=01;34:ln=01;36:mh=00:pi=40;33:so=01;35:do=01;35:bd=40;33;01:cd=40;33;01:or=40;31;01:mi=01;05;37;41:su=37;41:sg=30;43:ca=30;41:tw=30;42:ow=34;42:st=37;44:ex=01;32:*.tar=01;31:*.tgz=01;31:*.arc=01;31:*.arj=01;31:*.taz=01;31:*.lha=01;31:*.lz4=01;31:*.lzh=01;31:*.lzma=01;31:*.tlz=01;31:*.txz=01;31:*.tzo=01;31:*.t7z=01;31:*.zip=01;31:*.z=01;31:*.Z=01;31:*.dz=01;31:*.gz=01;31:*.lrz=01;31:*.lz=01;31:*.lzo=01;31:*.xz=01;31:*.bz2=01;31:*.bz=01;31:*.tbz=01;31:*.tbz2=01;31:*.tz=01;31:*.deb=01;31:*.rpm=01;31:*.jar=01;31:*.war=01;31:*.ear=01;31:*.sar=01;31:*.rar=01;31:*.alz=01;31:*.ace=01;31:*.zoo=01;31:*.cpio=01;31:*.7z=01;31:*.rz=01;31:*.cab=01;31:*.jpg=01;35:*.jpeg=01;35:*.gif=01;35:*.bmp=01;35:*.pbm=01;35:*.pgm=01;35:*.ppm=01;35:*.tga=01;35:*.xbm=01;35:*.xpm=01;35:*.tif=01;35:*.tiff=01;35:*.png=01;35:*.svg=01;35:*.svgz=01;35:*.mng=01;35:*.pcx=01;35:*.mov=01;35:*.mpg=01;35:*.mpeg=01;35:*.m2v=01;35:*.mkv=01;35:*.webm=01;35:*.ogm=01;35:*.mp4=01;35:*.m4v=01;35:*.mp4v=01;35:*.vob=01;35:*.qt=01;35:*.nuv=01;35:*.wmv=01;35:*.asf=01;35:*.rm=01;35:*.rmvb=01;35:*.flc=01;35:*.avi=01;35:*.fli=01;35:*.flv=01;35:*.gl=01;35:*.dl=01;35:*.xcf=01;35:*.xwd=01;35:*.yuv=01;35:*.cgm=01;35:*.emf=01;35:*.axv=01;35:*.anx=01;35:*.ogv=01;35:*.ogx=01;35:*.aac=01;36:*.au=01;36:*.flac=01;36:*.mid=01;36:*.midi=01;36:*.mka=01;36:*.mp3=01;36:*.mpc=01;36:*.ogg=01;36:*.ra=01;36:*.wav=01;36:*.axa=01;36:*.oga=01;36:*.spx=01;36:*.xspf=01;36:', 'LD_LIBRARY_PATH': '/opt/intel/compilers_and_libraries_2019.1.144/linux/compiler/lib/intel64_lin:/opt/intel/compilers_and_libraries_2019.1.144/linux/mpi/intel64/libfabric/lib:/opt/intel/compilers_and_libraries_2019.1.144/linux/mpi/intel64/lib/release:/opt/intel/compilers_and_libraries_2019.1.144/linux/mpi/intel64/lib:/opt/intel/compilers_and_libraries_2019.1.144/linux/ipp/lib/intel64:/opt/intel/compilers_and_libraries_2019.1.144/linux/compiler/lib/intel64_lin:/opt/intel/compilers_and_libraries_2019.1.144/linux/mkl/lib/intel64_lin:/opt/intel/compilers_and_libraries_2019.1.144/linux/tbb/lib/intel64/gcc4.7:/opt/intel/compilers_and_libraries_2019.1.144/linux/tbb/lib/intel64/gcc4.7:/opt/intel/debugger_2019/libipt/intel64/lib:/opt/intel/compilers_and_libraries_2019.1.144/linux/daal/lib/intel64_lin:/opt/intel/compilers_and_libraries_2019.1.144/linux/daal/../tbb/lib/intel64_lin/gcc4.4:/home_nfs_robin_ib/xraffine/utils/gcc-6.4.0-full+isl_hsw/lib64:/home_nfs_robin_ib/xraffine/utils/gcc-6.4.0-full+isl_hsw/lib:/home_nfs_robin_ib/bmonniern/VECMA/install_PilotJobManager_gnu_8.2.0/lib:/home_nfs_robin_ib/bmonniern/VECMA/install_PilotJobManager_gnu_8.2.0/lib:/software/compilers/gcc/gcc-8.2.0-full+isl+binutils/lib64', 'PSTLROOT': '/opt/intel/compilers_and_libraries_2019.1.144/linux/pstl', 'FI_PROVIDER_PATH': '/opt/intel/compilers_and_libraries_2019.1.144/linux/mpi/intel64/libfabric/lib/prov', 'SLURM_JOBID': '445561', 'PYTHON_LIBRARY': '/home_nfs_robin_ib/bmonniern/VECMA/install_PilotJobManager_gnu_8.2.0/lib/libpython3.so', 'CPATH': '/opt/intel/compilers_and_libraries_2019.1.144/linux/mpi/include64/:/opt/intel/compilers_and_libraries_2019.1.144/linux/ipp/include:/opt/intel/compilers_and_libraries_2019.1.144/linux/mkl/include:/opt/intel/compilers_and_libraries_2019.1.144/linux/pstl/include:/opt/intel/compilers_and_libraries_2019.1.144/linux/tbb/include:/opt/intel/compilers_and_libraries_2019.1.144/linux/tbb/include:/opt/intel/compilers_and_libraries_2019.1.144/linux/daal/include:/home_nfs_robin_ib/bmonniern/VECMA/install_PilotJobManager_gnu_8.2.0/include/python3.6m:/home_nfs_robin_ib/bmonniern/VECMA/install_PilotJobManager_gnu_8.2.0/include/python3.6m::/home_nfs_robin_ib/bmonniern/VECMA/install_PilotJobManager_gnu_8.2.0/include', 'NLSPATH': '/opt/intel/compilers_and_libraries_2019.1.144/linux/compiler/lib/intel64/locale/%l_%t/%N:/opt/intel/compilers_and_libraries_2019.1.144/linux/mkl/lib/intel64_lin/locale/%l_%t/%N:/opt/intel/debugger_2019/gdb/intel64/share/locale/%l_%t/%N', 'SLURM_TASKS_PER_NODE': '18', 'PATH': '/opt/intel/compilers_and_libraries_2019.1.144/linux/bin/intel64:/opt/intel/compilers_and_libraries_2019.1.144/linux/mpi/intel64/libfabric/bin:/opt/intel/compilers_and_libraries_2019.1.144/linux/mpi/intel64/bin:/opt/intel/debugger_2019/gdb/intel64/bin:/home_nfs_robin_ib/xraffine/utils/gcc-6.4.0-full+isl_hsw/bin:/home_nfs_robin_ib/bmonniern/VECMA/install_PilotJobManager_gnu_8.2.0/bin:/home_nfs_robin_ib/bmonniern/VECMA/install_PilotJobManager_gnu_8.2.0/bin:/software/compilers/gcc/gcc-8.2.0-full+isl+binutils/bin:/home_nfs_robin_ib/bmonniern/bin:/usr/local/bin:/usr/bin:/usr/local/sbin:/usr/sbin:/opt/ibutils/bin:/opt/ddn/ime/bin:/home_nfs_robin_ib/bmonniern/.local/bin:/home_nfs_robin_ib/bmonniern/bin', 'MAIL': '/var/spool/mail/bmonniern', 'OPA_JAVA': '/opt/jre1.7.0_79', 'SLURM_WORKING_CLUSTER': 'genji:genji0:6810:8192', 'SLURM_JOB_ID': '445561', 'TBBROOT': '/opt/intel/compilers_and_libraries_2019.1.144/linux/tbb', 'F90': 'gfortran', 'SLURM_JOB_USER': 'bmonniern', 'PWD': '/home_nfs_robin_ib/bmonniern/VECMA/build_PilotJobManager_gnu_8.2.0/QCG-PilotJob-master/workspace', 'LANG': 'en_US.UTF-8', 'MPIFC': 'mpifort', 'MODULEPATH': '/usr/share/Modules/modulefiles:/etc/modulefiles', 'SLURM_JOB_UID': '51435', 'LOADEDMODULES': '', 'SLURM_NODEID': '0', 'PYTHONHOME': '/home_nfs_robin_ib/bmonniern/VECMA/install_PilotJobManager_gnu_8.2.0', 'F77': 'gfortran', 'SLURM_SUBMIT_DIR': '/home_nfs_robin_ib/bmonniern/VECMA/build_PilotJobManager_gnu_8.2.0/QCG-PilotJob-master/workspace', 'SLURM_TASK_PID': '19901', 'DAALROOT': '/opt/intel/compilers_and_libraries_2019.1.144/linux/daal', 'SLURM_CPUS_ON_NODE': '64', 'CXX': 'g++', 'SLURM_PROCID': '0', 'ENVIRONMENT': 'BATCH', 'HISTCONTROL': 'ignoredups', 'INTEL_PYTHONHOME': '/opt/intel/debugger_2019/python/intel64/', 'SLURM_JOB_NODELIST': 'genji253', 'HOME': '/home_nfs_robin_ib/bmonniern', 'SHLVL': '2', 'SLURM_LOCALID': '0', 'SLURM_JOB_GID': '500', 'SLURM_JOB_CPUS_PER_NODE': '18', 'SLURM_CLUSTER_NAME': 'genji', 'DLAAS_API': 'genji213:8900', 'FC': 'gfortran', 'SLURM_GTIDS': '0', 'SLURM_SUBMIT_HOST': 'genji0', 'SLURM_JOB_PARTITION': 'SKL-16c_edr-ib1_192gb_2666', 'LOGNAME': 'bmonniern', 'PYTHONPATH': '/home_nfs_robin_ib/bmonniern/VECMA/install_PilotJobManager_gnu_8.2.0/lib/python3.6/site-packages', 'CVS_RSH': 'ssh', 'CLASSPATH': '/opt/intel/compilers_and_libraries_2019.1.144/linux/mpi/intel64/lib/mpi.jar:/opt/intel/compilers_and_libraries_2019.1.144/linux/daal/lib/daal.jar', 'SLURM_JOB_ACCOUNT': 'bench', 'SSH_CONNECTION': '10.197.222.28 51038 10.197.222.68 22', 'SLURM_JOB_NUM_NODES': '1', 'MODULESHOME': '/usr/share/Modules', 'OMP_NUM_THREADS': '16', 'PKG_CONFIG_PATH': '/opt/intel/compilers_and_libraries_2019.1.144/linux/mkl/bin/pkgconfig', 'LESSOPEN': '||/usr/bin/lesspipe.sh %s', 'INFOPATH': '/opt/intel/documentation_2019/en/debugger/gdb-ia/info/', 'CC': 'gcc', 'DISPLAY': 'localhost:32.0', 'XDG_RUNTIME_DIR': '/run/user/51435', 'SLURM_MEM_PER_NODE': '192088', 'I_MPI_ROOT': '/opt/intel/compilers_and_libraries_2019.1.144/linux/mpi', 'MPICXX': 'mpic++', 'PYTHON_INCLUDE_DIR': '/home_nfs_robin_ib/bmonniern/VECMA/install_PilotJobManager_gnu_8.2.0/include/python3.6m', 'BASH_FUNC_module()': '() {  eval `/usr/bin/modulecmd bash $*`\n}', '_': '/home_nfs_robin_ib/bmonniern/VECMA/install_PilotJobManager_gnu_8.2.0/bin/python3', 'QCG_PM_ZMQ_ADDRESS': 'tcp://0.0.0.0:5555', 'QCG_PM_NNODES': '1', 'QCG_PM_NODELIST': 'genji253', 'QCG_PM_NPROCS': '18', 'QCG_PM_NTASKS': '18', 'QCG_PM_STEP_ID': '30bc7117-d290-49c0-bec5-359e68ee5639', 'QCG_PM_TASKS_PER_NODE': '18', 'SLURM_NPROCS': '18', 'SLURM_NTASKS': '18', 'SLURM_STEP_NODELIST': 'genji253', 'SLURM_STEP_NUM_NODES': '1', 'SLURM_STEP_NUM_TASKS': '18', 'SLURM_STEP_TASKS_PER_NODE': '18', 'SLURM_NTASKS_PER_NODE': '18', 'SLURM_HOSTFILE': '/home_nfs_robin_ib/bmonniern/VECMA/build_PilotJobManager_gnu_8.2.0/QCG-PilotJob-master/workspace/.__api_client_${it}.hostfile'}
2019-04-05 17:09:03,103: got response: {'code': 0, 'message': '1 jobs submitted', 'data': {'submitted': 1, 'jobs': ['__api_client_${it}']}}
2019-04-05 17:09:03,104: FileInterface reply message: {
  "code": 0,
  "message": "1 jobs submitted",
  "data": {
    "submitted": 1,
    "jobs": [
      "__api_client_${it}"
    ]
  }
}
2019-04-05 17:09:03,104: Interface FileInterface received request: {'request': 'control', 'command': 'finishAfterAllTasksDone'}
2019-04-05 17:09:03,104: Validating request
2019-04-05 17:09:03,104: Parsing request
2019-04-05 17:09:03,104: Request successfully parsed
2019-04-05 17:09:03,104: Validated request with result: ResponseStatus.SUCCESS
2019-04-05 17:09:03,104: validate result: result(ResponseStatus.SUCCESS), errorMessage(Ok), request(<qcg.appscheduler.request.ControlReq object at 0x7f317b32ef28>)
2019-04-05 17:09:03,104: validate error ? False
2019-04-05 17:09:03,104: Handling control request from FileInterface iface
2019-04-05 17:09:03,104: got response: {'code': 0, 'message': 'finishAfterAllTasksDone command accepted'}
2019-04-05 17:09:03,104: FileInterface reply message: {
  "code": 0,
  "message": "finishAfterAllTasksDone command accepted"
}
2019-04-05 17:09:03,104: Finishing listening on interface FileInterface due to EOD
2019-04-05 17:09:03,105: Listener on interface ZMQInterface started
2019-04-05 17:09:03,105: ZMQ interface listening for requests ...
2019-04-05 17:09:03,106: creating process for job __api_client_${it}
2019-04-05 17:09:03,106: with args ['srun', '-n', '18', '-m', 'arbitrary', '--mem-per-cpu=0', '--multi-prog', '/home_nfs_robin_ib/bmonniern/VECMA/build_PilotJobManager_gnu_8.2.0/QCG-PilotJob-master/workspace/.__api_client_${it}.runconfig']
2019-04-05 17:09:03,160: waiting for all jobs to finish (the new method)
2019-04-05 17:09:03,161: job __api_client_${it} launched
2019-04-05 17:09:19,055: Postprocessing job __api_client_${it} with exit code 0
2019-04-05 17:09:19,055: notifies callbacks about __api_client_${it} job status change JobState.SUCCEED
2019-04-05 17:09:19,056: scheduling loop with 0 jobs in queue
2019-04-05 17:09:19,638: stopping receiver ...
2019-04-05 17:09:19,638: canceling 2 listener tasks
2019-04-05 17:09:19,638: canceling listener task
2019-04-05 17:09:19,638: canceling listener task
2019-04-05 17:09:19,638: Finishing listening on interface ZMQInterface due to interrupt
